<?xml version="1.0" encoding="UTF-8"?>
<testsuite xmlns:xsi="http://www.w3.org/2001/XMLSchema-instance" xsi:noNamespaceSchemaLocation="https://maven.apache.org/surefire/maven-surefire-plugin/xsd/surefire-test-report.xsd" version="3.0.2" name="com.example.optiplant.BackendIntegrationTests" time="13.647" tests="3" errors="2" skipped="0" failures="0" flakes="0">
  <properties>
[...]
</properties>
  <testcase name="transferApproveAndCompleteMovesStockBetweenBranches" classname="com.example.optiplant.BackendIntegrationTests" time="2.418">
    <error message="Request processing failed: org.springframework.dao.InvalidDataAccessResourceUsageException: could not execute statement [ERROR: column &quot;status&quot; is of type transfer_status_enum but expression is of type character varying&#10;  Hint: You will need to rewrite or cast the expression.&#10;  Position: 146] [insert into transfers (created_at,created_by_id,from_branch_id,status,to_branch_id,transfer_number,updated_at,updated_by_id,id) values (?,?,?,?,?,?,?,?,?)]; SQL [insert into transfers (created_at,created_by_id,from_branch_id,status,to_branch_id,transfer_number,updated_at,updated_by_id,id) values (?,?,?,?,?,?,?,?,?)]" type="jakarta.servlet.ServletException"><![CDATA[jakarta.servlet.ServletException: 
Request processing failed: org.springframework.dao.InvalidDataAccessResourceUsageException: could not execute statement [ERROR: column "status" is of type transfer_status_enum but expression is of type character varying
  Hint: You will need to rewrite or cast the expression.
  Position: 146] [insert into transfers (created_at,created_by_id,from_branch_id,status,to_branch_id,transfer_number,updated_at,updated_by_id,id) values (?,?,?,?,?,?,?,?,?)]; SQL [insert into transfers (created_at,created_by_id,from_branch_id,status,to_branch_id,transfer_number,updated_at,updated_by_id,id) values (?,?,?,?,?,?,?,?,?)]
	at org.springframework.web.servlet.FrameworkServlet.processRequest(FrameworkServlet.java:1008)
	at org.springframework.web.servlet.FrameworkServlet.doPost(FrameworkServlet.java:903)
	at jakarta.servlet.http.HttpServlet.service(HttpServlet.java:649)
	at org.springframework.web.servlet.FrameworkServlet.service(FrameworkServlet.java:874)
	at org.springframework.test.web.servlet.TestDispatcherServlet.service(TestDispatcherServlet.java:72)
	at jakarta.servlet.http.HttpServlet.service(HttpServlet.java:710)
	at org.springframework.mock.web.MockFilterChain$ServletFilterProxy.doFilter(MockFilterChain.java:160)
	at org.springframework.mock.web.MockFilterChain.doFilter(MockFilterChain.java:127)
	at org.springframework.web.filter.OncePerRequestFilter.doFilter(OncePerRequestFilter.java:110)
	at org.springframework.test.web.servlet.setup.MockMvcFilterDecorator.doFilter(MockMvcFilterDecorator.java:160)
	at org.springframework.mock.web.MockFilterChain.doFilter(MockFilterChain.java:127)
	at org.springframework.web.filter.CompositeFilter$VirtualFilterChain.doFilter(CompositeFilter.java:108)
	at org.springframework.security.web.FilterChainProxy.lambda$doFilterInternal$3(FilterChainProxy.java:235)
	at org.springframework.security.web.FilterChainProxy$VirtualFilterChain.doFilter(FilterChainProxy.java:376)
	at org.springframework.security.web.access.intercept.AuthorizationFilter.doFilter(AuthorizationFilter.java:101)
	at org.springframework.security.web.FilterChainProxy$VirtualFilterChain.doFilter(FilterChainProxy.java:385)
	at org.springframework.security.web.access.ExceptionTranslationFilter.doFilter(ExceptionTranslationFilter.java:126)
	at org.springframework.security.web.access.ExceptionTranslationFilter.doFilter(ExceptionTranslationFilter.java:120)
	at org.springframework.security.web.FilterChainProxy$VirtualFilterChain.doFilter(FilterChainProxy.java:385)
	at org.springframework.security.web.session.SessionManagementFilter.doFilter(SessionManagementFilter.java:132)
	at org.springframework.security.web.session.SessionManagementFilter.doFilter(SessionManagementFilter.java:86)
	at org.springframework.security.web.FilterChainProxy$VirtualFilterChain.doFilter(FilterChainProxy.java:385)
	at org.springframework.security.web.authentication.AnonymousAuthenticationFilter.doFilter(AnonymousAuthenticationFilter.java:100)
	at org.springframework.security.web.FilterChainProxy$VirtualFilterChain.doFilter(FilterChainProxy.java:385)
	at org.springframework.security.web.servletapi.SecurityContextHolderAwareRequestFilter.doFilter(SecurityContextHolderAwareRequestFilter.java:181)
	at org.springframework.security.web.FilterChainProxy$VirtualFilterChain.doFilter(FilterChainProxy.java:385)
	at org.springframework.security.web.savedrequest.RequestCacheAwareFilter.doFilter(RequestCacheAwareFilter.java:63)
	at org.springframework.security.web.FilterChainProxy$VirtualFilterChain.doFilter(FilterChainProxy.java:385)
	at com.example.optiplant.security.JwtAuthenticationFilter.doFilterInternal(JwtAuthenticationFilter.java:68)
	at org.springframework.web.filter.OncePerRequestFilter.doFilter(OncePerRequestFilter.java:116)
	at org.springframework.security.web.FilterChainProxy$VirtualFilterChain.doFilter(FilterChainProxy.java:385)
	at org.springframework.security.web.authentication.logout.LogoutFilter.doFilter(LogoutFilter.java:110)
	at org.springframework.security.web.authentication.logout.LogoutFilter.doFilter(LogoutFilter.java:96)
	at org.springframework.security.web.FilterChainProxy$VirtualFilterChain.doFilter(FilterChainProxy.java:385)
	at org.springframework.security.web.header.HeaderWriterFilter.doHeadersAfter(HeaderWriterFilter.java:90)
	at org.springframework.security.web.header.HeaderWriterFilter.doFilterInternal(HeaderWriterFilter.java:75)
	at org.springframework.web.filter.OncePerRequestFilter.doFilter(OncePerRequestFilter.java:116)
	at org.springframework.security.web.FilterChainProxy$VirtualFilterChain.doFilter(FilterChainProxy.java:385)
	at org.springframework.security.web.context.SecurityContextHolderFilter.doFilter(SecurityContextHolderFilter.java:82)
	at org.springframework.security.web.context.SecurityContextHolderFilter.doFilter(SecurityContextHolderFilter.java:69)
	at org.springframework.security.web.FilterChainProxy$VirtualFilterChain.doFilter(FilterChainProxy.java:385)
	at org.springframework.security.web.context.request.async.WebAsyncManagerIntegrationFilter.doFilterInternal(WebAsyncManagerIntegrationFilter.java:62)
	at org.springframework.web.filter.OncePerRequestFilter.doFilter(OncePerRequestFilter.java:116)
	at org.springframework.security.web.FilterChainProxy$VirtualFilterChain.doFilter(FilterChainProxy.java:385)
	at org.springframework.security.web.session.DisableEncodeUrlFilter.doFilterInternal(DisableEncodeUrlFilter.java:42)
	at org.springframework.web.filter.OncePerRequestFilter.doFilter(OncePerRequestFilter.java:116)
	at org.springframework.security.web.FilterChainProxy$VirtualFilterChain.doFilter(FilterChainProxy.java:385)
	at org.springframework.security.web.FilterChainProxy.doFilterInternal(FilterChainProxy.java:237)
	at org.springframework.security.web.FilterChainProxy.doFilter(FilterChainProxy.java:195)
	at org.springframework.web.filter.CompositeFilter$VirtualFilterChain.doFilter(CompositeFilter.java:113)
	at org.springframework.web.filter.ServletRequestPathFilter.doFilter(ServletRequestPathFilter.java:52)
	at org.springframework.web.filter.CompositeFilter$VirtualFilterChain.doFilter(CompositeFilter.java:113)
	at org.springframework.web.filter.CompositeFilter.doFilter(CompositeFilter.java:74)
	at org.springframework.security.config.annotation.web.configuration.WebSecurityConfiguration$CompositeFilterChainProxy.doFilter(WebSecurityConfiguration.java:317)
	at org.springframework.web.filter.DelegatingFilterProxy.invokeDelegate(DelegatingFilterProxy.java:355)
	at org.springframework.web.filter.DelegatingFilterProxy.doFilter(DelegatingFilterProxy.java:272)
	at org.springframework.test.web.servlet.setup.MockMvcFilterDecorator.doFilter(MockMvcFilterDecorator.java:160)
	at org.springframework.mock.web.MockFilterChain.doFilter(MockFilterChain.java:127)
	at org.springframework.web.filter.RequestContextFilter.doFilterInternal(RequestContextFilter.java:100)
	at org.springframework.web.filter.OncePerRequestFilter.doFilter(OncePerRequestFilter.java:116)
	at org.springframework.test.web.servlet.setup.MockMvcFilterDecorator.doFilter(MockMvcFilterDecorator.java:160)
	at org.springframework.mock.web.MockFilterChain.doFilter(MockFilterChain.java:127)
	at org.springframework.web.filter.FormContentFilter.doFilterInternal(FormContentFilter.java:93)
	at org.springframework.web.filter.OncePerRequestFilter.doFilter(OncePerRequestFilter.java:116)
	at org.springframework.test.web.servlet.setup.MockMvcFilterDecorator.doFilter(MockMvcFilterDecorator.java:160)
	at org.springframework.mock.web.MockFilterChain.doFilter(MockFilterChain.java:127)
	at org.springframework.web.filter.CharacterEncodingFilter.doFilterInternal(CharacterEncodingFilter.java:199)
	at org.springframework.web.filter.OncePerRequestFilter.doFilter(OncePerRequestFilter.java:116)
	at org.springframework.test.web.servlet.setup.MockMvcFilterDecorator.doFilter(MockMvcFilterDecorator.java:160)
	at org.springframework.mock.web.MockFilterChain.doFilter(MockFilterChain.java:127)
	at org.springframework.test.web.servlet.MockMvc.perform(MockMvc.java:199)
	at com.example.optiplant.BackendIntegrationTests.transferApproveAndCompleteMovesStockBetweenBranches(BackendIntegrationTests.java:194)
Caused by: org.springframework.dao.InvalidDataAccessResourceUsageException: could not execute statement [ERROR: column "status" is of type transfer_status_enum but expression is of type character varying
  Hint: You will need to rewrite or cast the expression.
  Position: 146] [insert into transfers (created_at,created_by_id,from_branch_id,status,to_branch_id,transfer_number,updated_at,updated_by_id,id) values (?,?,?,?,?,?,?,?,?)]; SQL [insert into transfers (created_at,created_by_id,from_branch_id,status,to_branch_id,transfer_number,updated_at,updated_by_id,id) values (?,?,?,?,?,?,?,?,?)]
	at org.springframework.orm.jpa.hibernate.HibernateExceptionTranslator.convertHibernateAccessException(HibernateExceptionTranslator.java:156)
	at org.springframework.orm.jpa.hibernate.HibernateExceptionTranslator.convertHibernateAccessException(HibernateExceptionTranslator.java:131)
	at org.springframework.orm.jpa.hibernate.HibernateExceptionTranslator.translateExceptionIfPossible(HibernateExceptionTranslator.java:105)
	at org.springframework.orm.jpa.vendor.HibernateJpaDialect.translateExceptionIfPossible(HibernateJpaDialect.java:223)
	at org.springframework.orm.jpa.JpaTransactionManager.doCommit(JpaTransactionManager.java:557)
	at org.springframework.transaction.support.AbstractPlatformTransactionManager.processCommit(AbstractPlatformTransactionManager.java:794)
	at org.springframework.transaction.support.AbstractPlatformTransactionManager.commit(AbstractPlatformTransactionManager.java:757)
	at org.springframework.transaction.interceptor.TransactionAspectSupport.commitTransactionAfterReturning(TransactionAspectSupport.java:687)
	at org.springframework.transaction.interceptor.TransactionAspectSupport.invokeWithinTransaction(TransactionAspectSupport.java:408)
	at org.springframework.transaction.interceptor.TransactionInterceptor.invoke(TransactionInterceptor.java:130)
	at org.springframework.aop.framework.ReflectiveMethodInvocation.proceed(ReflectiveMethodInvocation.java:179)
	at org.springframework.aop.framework.CglibAopProxy$DynamicAdvisedInterceptor.intercept(CglibAopProxy.java:719)
	at com.example.optiplant.services.TransferService$$SpringCGLIB$$0.create(<generated>)
	at com.example.optiplant.controller.TransferController.create(TransferController.java:43)
	at java.base/jdk.internal.reflect.DirectMethodHandleAccessor.invoke(DirectMethodHandleAccessor.java:104)
	at java.base/java.lang.reflect.Method.invoke(Method.java:565)
	at org.springframework.aop.support.AopUtils.invokeJoinpointUsingReflection(AopUtils.java:359)
	at org.springframework.aop.framework.ReflectiveMethodInvocation.invokeJoinpoint(ReflectiveMethodInvocation.java:190)
	at org.springframework.aop.framework.ReflectiveMethodInvocation.proceed(ReflectiveMethodInvocation.java:158)
	at org.springframework.security.authorization.method.AuthorizationManagerBeforeMethodInterceptor.proceed(AuthorizationManagerBeforeMethodInterceptor.java:271)
	at org.springframework.security.authorization.method.AuthorizationManagerBeforeMethodInterceptor.attemptAuthorization(AuthorizationManagerBeforeMethodInterceptor.java:266)
	at org.springframework.security.authorization.method.AuthorizationManagerBeforeMethodInterceptor.invoke(AuthorizationManagerBeforeMethodInterceptor.java:197)
	at org.springframework.security.config.annotation.method.configuration.DeferringMethodInterceptor.invoke(DeferringMethodInterceptor.java:44)
	at org.springframework.aop.framework.ReflectiveMethodInvocation.proceed(ReflectiveMethodInvocation.java:179)
	at org.springframework.aop.framework.CglibAopProxy$DynamicAdvisedInterceptor.intercept(CglibAopProxy.java:719)
	at com.example.optiplant.controller.TransferController$$SpringCGLIB$$0.create(<generated>)
	at java.base/jdk.internal.reflect.DirectMethodHandleAccessor.invoke(DirectMethodHandleAccessor.java:104)
	at java.base/java.lang.reflect.Method.invoke(Method.java:565)
	at org.springframework.web.method.support.InvocableHandlerMethod.doInvoke(InvocableHandlerMethod.java:252)
	at org.springframework.web.method.support.InvocableHandlerMethod.invokeForRequest(InvocableHandlerMethod.java:184)
	at org.springframework.web.servlet.mvc.method.annotation.ServletInvocableHandlerMethod.invokeAndHandle(ServletInvocableHandlerMethod.java:117)
	at org.springframework.web.servlet.mvc.method.annotation.RequestMappingHandlerAdapter.invokeHandlerMethod(RequestMappingHandlerAdapter.java:934)
	at org.springframework.web.servlet.mvc.method.annotation.RequestMappingHandlerAdapter.handleInternal(RequestMappingHandlerAdapter.java:853)
	at org.springframework.web.servlet.mvc.method.AbstractHandlerMethodAdapter.handle(AbstractHandlerMethodAdapter.java:86)
	at org.springframework.web.servlet.DispatcherServlet.doDispatch(DispatcherServlet.java:963)
	at org.springframework.web.servlet.DispatcherServlet.doService(DispatcherServlet.java:866)
	at org.springframework.web.servlet.FrameworkServlet.processRequest(FrameworkServlet.java:1000)
	... 71 more
Caused by: org.hibernate.exception.SQLGrammarException: could not execute statement [ERROR: column "status" is of type transfer_status_enum but expression is of type character varying
  Hint: You will need to rewrite or cast the expression.
  Position: 146] [insert into transfers (created_at,created_by_id,from_branch_id,status,to_branch_id,transfer_number,updated_at,updated_by_id,id) values (?,?,?,?,?,?,?,?,?)]
	at org.hibernate.exception.internal.SQLStateConversionDelegate.convert(SQLStateConversionDelegate.java:63)
	at org.hibernate.exception.internal.StandardSQLExceptionConverter.convert(StandardSQLExceptionConverter.java:34)
	at org.hibernate.engine.jdbc.spi.SqlExceptionHelper.convert(SqlExceptionHelper.java:115)
	at org.hibernate.engine.jdbc.internal.ResultSetReturnImpl.executeUpdate(ResultSetReturnImpl.java:184)
	at org.hibernate.engine.jdbc.mutation.internal.AbstractMutationExecutor.performNonBatchedMutation(AbstractMutationExecutor.java:145)
	at org.hibernate.engine.jdbc.mutation.internal.MutationExecutorSingleNonBatched.performNonBatchedOperations(MutationExecutorSingleNonBatched.java:53)
	at org.hibernate.engine.jdbc.mutation.internal.AbstractMutationExecutor.execute(AbstractMutationExecutor.java:66)
	at org.hibernate.engine.jdbc.mutation.internal.AbstractMutationExecutor.execute(AbstractMutationExecutor.java:55)
	at org.hibernate.persister.entity.mutation.InsertCoordinatorStandard.doStaticInserts(InsertCoordinatorStandard.java:180)
	at org.hibernate.persister.entity.mutation.InsertCoordinatorStandard.coordinateInsert(InsertCoordinatorStandard.java:120)
	at org.hibernate.persister.entity.mutation.InsertCoordinatorStandard.insert(InsertCoordinatorStandard.java:93)
	at org.hibernate.action.internal.EntityInsertAction.execute(EntityInsertAction.java:108)
	at org.hibernate.engine.spi.ActionQueue.executeActions(ActionQueue.java:634)
	at org.hibernate.engine.spi.ActionQueue.executeActions(ActionQueue.java:505)
	at org.hibernate.event.internal.AbstractFlushingEventListener.performExecutions(AbstractFlushingEventListener.java:381)
	at org.hibernate.event.internal.DefaultFlushEventListener.onFlush(DefaultFlushEventListener.java:40)
	at org.hibernate.event.service.internal.EventListenerGroupImpl.fireEventOnEachListener(EventListenerGroupImpl.java:138)
	at org.hibernate.internal.SessionImpl.fireFlush(SessionImpl.java:1484)
	at org.hibernate.internal.SessionImpl.managedFlush(SessionImpl.java:481)
	at org.hibernate.internal.SessionImpl.flushBeforeTransactionCompletion(SessionImpl.java:2111)
	at org.hibernate.internal.SessionImpl.beforeTransactionCompletion(SessionImpl.java:2033)
	at org.hibernate.engine.jdbc.internal.JdbcCoordinatorImpl.beforeTransactionCompletion(JdbcCoordinatorImpl.java:410)
	at org.hibernate.resource.transaction.backend.jdbc.internal.JdbcResourceLocalTransactionCoordinatorImpl.beforeCompletionCallback(JdbcResourceLocalTransactionCoordinatorImpl.java:166)
	at org.hibernate.resource.transaction.backend.jdbc.internal.JdbcResourceLocalTransactionCoordinatorImpl$TransactionDriverControlImpl.commitNoRollbackOnly(JdbcResourceLocalTransactionCoordinatorImpl.java:248)
	at org.hibernate.resource.transaction.backend.jdbc.internal.JdbcResourceLocalTransactionCoordinatorImpl$TransactionDriverControlImpl.commit(JdbcResourceLocalTransactionCoordinatorImpl.java:242)
	at org.hibernate.engine.transaction.internal.TransactionImpl.commit(TransactionImpl.java:89)
	at org.springframework.orm.jpa.JpaTransactionManager.doCommit(JpaTransactionManager.java:553)
	... 103 more
Caused by: org.postgresql.util.PSQLException: ERROR: column "status" is of type transfer_status_enum but expression is of type character varying
  Hint: You will need to rewrite or cast the expression.
  Position: 146
	at org.postgresql.core.v3.QueryExecutorImpl.receiveErrorResponse(QueryExecutorImpl.java:2875)
	at org.postgresql.core.v3.QueryExecutorImpl.processResults(QueryExecutorImpl.java:2560)
	at org.postgresql.core.v3.QueryExecutorImpl.execute(QueryExecutorImpl.java:429)
	at org.postgresql.jdbc.PgStatement.executeInternal(PgStatement.java:526)
	at org.postgresql.jdbc.PgStatement.execute(PgStatement.java:436)
	at org.postgresql.jdbc.PgPreparedStatement.executeWithFlags(PgPreparedStatement.java:196)
	at org.postgresql.jdbc.PgPreparedStatement.executeUpdate(PgPreparedStatement.java:157)
	at com.zaxxer.hikari.pool.ProxyPreparedStatement.executeUpdate(ProxyPreparedStatement.java:61)
	at com.zaxxer.hikari.pool.HikariProxyPreparedStatement.executeUpdate(HikariProxyPreparedStatement.java)
	at org.hibernate.engine.jdbc.internal.ResultSetReturnImpl.executeUpdate(ResultSetReturnImpl.java:181)
	... 126 more
]]></error>
    <system-out><![CDATA[10:27:04.180 [main] INFO org.springframework.test.context.support.AnnotationConfigContextLoaderUtils -- Could not detect default configuration classes for test class [com.example.optiplant.BackendIntegrationTests]: BackendIntegrationTests does not declare any static, non-private, non-final, nested classes annotated with @Configuration.
10:27:04.450 [main] INFO org.springframework.boot.test.context.SpringBootTestContextBootstrapper -- Found @SpringBootConfiguration com.example.optiplant.OptiplantApplication for test class com.example.optiplant.BackendIntegrationTests
10:27:04.605 [main] INFO org.springframework.test.context.support.AnnotationConfigContextLoaderUtils -- Could not detect default configuration classes for test class [com.example.optiplant.BackendIntegrationTests]: BackendIntegrationTests does not declare any static, non-private, non-final, nested classes annotated with @Configuration.
10:27:04.610 [main] INFO org.springframework.boot.test.context.SpringBootTestContextBootstrapper -- Found @SpringBootConfiguration com.example.optiplant.OptiplantApplication for test class com.example.optiplant.BackendIntegrationTests
10:27:04.943 [main] INFO org.springframework.boot.devtools.restart.RestartApplicationListener -- Restart disabled due to context in which it is running

  .   ____          _            __ _ _
 /\\ / ___'_ __ _ _(_)_ __  __ _ \ \ \ \
( ( )\___ | '_ | '_| | '_ \/ _` | \ \ \ \
 \\/  ___)| |_)| | | | | || (_| |  ) ) ) )
  '  |____| .__|_| |_|_| |_\__, | / / / /
 =========|_|==============|___/=/_/_/_/

 :: Spring Boot ::                (v4.0.6)

2026-05-04T10:27:05.379-05:00  INFO 7560 --- [Optiplant] [           main] c.e.optiplant.BackendIntegrationTests    : Starting BackendIntegrationTests using Java 26.0.1 with PID 7560 (started by Luich in C:\Users\Luich\Desktop\Optiplant\Back\Optiplant\PruebaTecnicaBackend)
2026-05-04T10:27:05.383-05:00  INFO 7560 --- [Optiplant] [           main] c.e.optiplant.BackendIntegrationTests    : No active profile set, falling back to 1 default profile: "default"
2026-05-04T10:27:06.866-05:00  INFO 7560 --- [Optiplant] [           main] .s.d.r.c.RepositoryConfigurationDelegate : Bootstrapping Spring Data JPA repositories in DEFAULT mode.
2026-05-04T10:27:06.985-05:00  INFO 7560 --- [Optiplant] [           main] .s.d.r.c.RepositoryConfigurationDelegate : Finished Spring Data repository scanning in 104 ms. Found 10 JPA repository interfaces.
2026-05-04T10:27:08.705-05:00  INFO 7560 --- [Optiplant] [           main] org.hibernate.orm.jpa                    : HHH008540: Processing PersistenceUnitInfo [name: default]
2026-05-04T10:27:08.777-05:00  INFO 7560 --- [Optiplant] [           main] org.hibernate.orm.core                   : HHH000001: Hibernate ORM core version 7.2.12.Final
2026-05-04T10:27:09.562-05:00  INFO 7560 --- [Optiplant] [           main] o.s.o.j.p.SpringPersistenceUnitInfo      : No LoadTimeWeaver setup: ignoring JPA class transformer
2026-05-04T10:27:09.595-05:00  INFO 7560 --- [Optiplant] [           main] com.zaxxer.hikari.HikariDataSource       : HikariPool-1 - Starting...
2026-05-04T10:27:09.840-05:00  INFO 7560 --- [Optiplant] [           main] com.zaxxer.hikari.pool.HikariPool        : HikariPool-1 - Added connection org.postgresql.jdbc.PgConnection@6c4786af
2026-05-04T10:27:09.843-05:00  INFO 7560 --- [Optiplant] [           main] com.zaxxer.hikari.HikariDataSource       : HikariPool-1 - Start completed.
2026-05-04T10:27:09.887-05:00  WARN 7560 --- [Optiplant] [           main] org.hibernate.orm.deprecation            : HHH90000025: PostgreSQLDialect does not need to be specified explicitly using 'hibernate.dialect' (remove the property setting and it will be selected by default)
2026-05-04T10:27:09.923-05:00  INFO 7560 --- [Optiplant] [           main] org.hibernate.orm.connections.pooling    : HHH10001005: Database info:
	Database JDBC URL [jdbc:postgresql://localhost:5432/optiplant]
	Database driver: PostgreSQL JDBC Driver
	Database dialect: PostgreSQLDialect
	Database version: 18.3
	Default catalog/schema: optiplant/public
	Autocommit mode: undefined/unknown
	Isolation level: READ_COMMITTED [default READ_COMMITTED]
	JDBC fetch size: none
	Pool: DataSourceConnectionProvider
	Minimum pool size: undefined/unknown
	Maximum pool size: undefined/unknown
2026-05-04T10:27:11.672-05:00  INFO 7560 --- [Optiplant] [           main] org.hibernate.orm.core                   : HHH000489: No JTA platform available (set 'hibernate.transaction.jta.platform' to enable JTA platform integration)
2026-05-04T10:27:11.682-05:00  INFO 7560 --- [Optiplant] [           main] j.LocalContainerEntityManagerFactoryBean : Initialized JPA EntityManagerFactory for persistence unit 'default'
2026-05-04T10:27:11.843-05:00  INFO 7560 --- [Optiplant] [           main] o.s.d.j.r.query.QueryEnhancerFactories   : Hibernate is in classpath; If applicable, HQL parser will be used.
2026-05-04T10:27:12.209-05:00  INFO 7560 --- [Optiplant] [           main] eAuthenticationProviderManagerConfigurer : Global AuthenticationManager configured with AuthenticationProvider bean with name authenticationProvider
2026-05-04T10:27:12.210-05:00  WARN 7560 --- [Optiplant] [           main] r$InitializeUserDetailsManagerConfigurer : Global AuthenticationManager configured with an AuthenticationProvider bean. UserDetailsService beans will not be used by Spring Security for automatically configuring username/password login. Consider removing the AuthenticationProvider bean. Alternatively, consider using the UserDetailsService in a manually instantiated DaoAuthenticationProvider. If the current configuration is intentional, to turn off this warning, increase the logging level of 'org.springframework.security.config.annotation.authentication.configuration.InitializeUserDetailsBeanManagerConfigurer' to ERROR
2026-05-04T10:27:13.150-05:00  WARN 7560 --- [Optiplant] [           main] JpaBaseConfiguration$JpaWebConfiguration : spring.jpa.open-in-view is enabled by default. Therefore, database queries may be performed during view rendering. Explicitly configure spring.jpa.open-in-view to disable this warning
2026-05-04T10:27:14.029-05:00  INFO 7560 --- [Optiplant] [           main] o.s.b.t.m.w.SpringBootMockServletContext : Initializing Spring TestDispatcherServlet ''
2026-05-04T10:27:14.030-05:00  INFO 7560 --- [Optiplant] [           main] o.s.t.web.servlet.TestDispatcherServlet  : Initializing Servlet ''
2026-05-04T10:27:14.036-05:00  INFO 7560 --- [Optiplant] [           main] o.s.t.web.servlet.TestDispatcherServlet  : Completed initialization in 6 ms
2026-05-04T10:27:14.288-05:00  INFO 7560 --- [Optiplant] [           main] c.e.optiplant.BackendIntegrationTests    : Started BackendIntegrationTests in 9.36 seconds (process running for 11.377)
Hibernate: insert into branches (address,code,created_at,created_by_id,name,updated_at,updated_by_id,id) values (?,?,?,?,?,?,?,?)
Hibernate: insert into branches (address,code,created_at,created_by_id,name,updated_at,updated_by_id,id) values (?,?,?,?,?,?,?,?)
Hibernate: insert into suppliers (contact_email,contact_name,created_at,created_by_id,name,phone,updated_at,updated_by_id,id) values (?,?,?,?,?,?,?,?,?)
Hibernate: insert into unit_of_measure (code,created_at,created_by_id,description,name,updated_at,updated_by_id,id) values (?,?,?,?,?,?,?,?)
Hibernate: insert into products (created_at,created_by_id,default_cost,description,name,sku,supplier_id,unit_of_measure_id,updated_at,updated_by_id,id) values (?,?,?,?,?,?,?,?,?,?,?)
Hibernate: insert into inventories (branch_id,created_at,created_by_id,product_id,quantity,reserved,updated_at,updated_by_id,id) values (?,?,?,?,?,?,?,?,?)
Hibernate: select u1_0.id from users u1_0 where u1_0.username=? fetch first ? rows only
Hibernate: select u1_0.id from users u1_0 where upper(u1_0.email)=upper(?) fetch first ? rows only
Hibernate: select b1_0.id,b1_0.address,b1_0.code,b1_0.created_at,b1_0.created_by_id,b1_0.name,b1_0.updated_at,b1_0.updated_by_id from branches b1_0 where b1_0.id=?
Hibernate: insert into users (branch_id,created_at,created_by_id,email,full_name,password_hash,role,updated_at,updated_by_id,username,id) values (?,?,?,?,?,?,?,?,?,?,?)
Hibernate: select u1_0.id,u1_0.branch_id,u1_0.created_at,u1_0.created_by_id,u1_0.email,u1_0.full_name,u1_0.password_hash,u1_0.role,u1_0.updated_at,u1_0.updated_by_id,u1_0.username from users u1_0 where u1_0.username=?
Hibernate: select u1_0.id,u1_0.branch_id,u1_0.created_at,u1_0.created_by_id,u1_0.email,u1_0.full_name,u1_0.password_hash,u1_0.role,u1_0.updated_at,u1_0.updated_by_id,u1_0.username from users u1_0 where u1_0.id=?
Hibernate: update users set branch_id=?,email=?,full_name=?,password_hash=?,role=?,updated_at=?,updated_by_id=?,username=? where id=?
Hibernate: select u1_0.id,u1_0.branch_id,u1_0.created_at,u1_0.created_by_id,u1_0.email,u1_0.full_name,u1_0.password_hash,u1_0.role,u1_0.updated_at,u1_0.updated_by_id,u1_0.username from users u1_0 where u1_0.username=?
Hibernate: select u1_0.id,u1_0.branch_id,u1_0.created_at,u1_0.created_by_id,u1_0.email,u1_0.full_name,u1_0.password_hash,u1_0.role,u1_0.updated_at,u1_0.updated_by_id,u1_0.username from users u1_0 where u1_0.username=?
Hibernate: select u1_0.id,u1_0.branch_id,u1_0.created_at,u1_0.created_by_id,u1_0.email,u1_0.full_name,u1_0.password_hash,u1_0.role,u1_0.updated_at,u1_0.updated_by_id,u1_0.username from users u1_0 where u1_0.username=?
Hibernate: select b1_0.id,b1_0.address,b1_0.code,b1_0.created_at,b1_0.created_by_id,b1_0.name,b1_0.updated_at,b1_0.updated_by_id from branches b1_0 where b1_0.id=?
Hibernate: select b1_0.id,b1_0.address,b1_0.code,b1_0.created_at,b1_0.created_by_id,b1_0.name,b1_0.updated_at,b1_0.updated_by_id from branches b1_0 where b1_0.id=?
Hibernate: select t1_0.id from transfers t1_0 where t1_0.transfer_number=? fetch first ? rows only
Hibernate: select p1_0.id,p1_0.created_at,p1_0.created_by_id,p1_0.default_cost,p1_0.description,p1_0.name,p1_0.sku,p1_0.supplier_id,p1_0.unit_of_measure_id,p1_0.updated_at,p1_0.updated_by_id from products p1_0 where p1_0.id=?
Hibernate: insert into transfers (created_at,created_by_id,from_branch_id,status,to_branch_id,transfer_number,updated_at,updated_by_id,id) values (?,?,?,?,?,?,?,?,?)
2026-05-04T10:27:16.692-05:00  WARN 7560 --- [Optiplant] [           main] org.hibernate.orm.jdbc.error             : HHH000247: ErrorCode: 0, SQLState: 42804
2026-05-04T10:27:16.692-05:00  WARN 7560 --- [Optiplant] [           main] org.hibernate.orm.jdbc.error             : ERROR: column "status" is of type transfer_status_enum but expression is of type character varying
  Hint: You will need to rewrite or cast the expression.
  Position: 146

MockHttpServletRequest:
      HTTP Method = POST
      Request URI = /api/auth/register
       Parameters = {}
          Headers = [Content-Type:"application/json;charset=UTF-8", Content-Length:"174"]
             Body = {
  "username": "manager2",
  "fullName": "Seed User",
  "email": "manager2@example.com",
  "password": "password123",
  "branchId": "5fa35278-ad90-4e14-b7cf-be83fea42a1c"
}

    Session Attrs = {}

Handler:
             Type = com.example.optiplant.controller.AuthController
           Method = com.example.optiplant.controller.AuthController#register(RegisterRequest)

Async:
    Async started = false
     Async result = null

Resolved Exception:
             Type = null

ModelAndView:
        View name = null
             View = null
            Model = null

FlashMap:
       Attributes = null

MockHttpServletResponse:
           Status = 201
    Error message = null
          Headers = [Content-Type:"application/json", X-Content-Type-Options:"nosniff", X-XSS-Protection:"0", Cache-Control:"no-cache, no-store, max-age=0, must-revalidate", Pragma:"no-cache", Expires:"0", X-Frame-Options:"DENY"]
     Content type = application/json
             Body = {"token":"eyJhbGciOiJIUzUxMiJ9.eyJzdWIiOiJtYW5hZ2VyMiIsInVzZXJJZCI6ImU0ZjU4NmU4LTAxODItNDdlZS1hNzk1LTlmY2Y2YjM1M2NiNyIsImVtYWlsIjoibWFuYWdlcjJAZXhhbXBsZS5jb20iLCJyb2xlIjoiT1BFUkFUT1IiLCJpYXQiOjE3Nzc5MDg0MzUsImV4cCI6MTc3Nzk5NDgzNX0.5pknliH7MBuWT0DGZzDuDd9kuFUd70PX5GHoehpCbob0E7jsKc8MWovu1RLj3GCZrRTxf9xN81m4S9kFm0VWcw","tokenType":"Bearer","user":{"id":"e4f586e8-0182-47ee-a795-9fcf6b353cb7","username":"manager2","fullName":"Seed User","email":"manager2@example.com","role":"OPERATOR","branchId":"5fa35278-ad90-4e14-b7cf-be83fea42a1c"}}
    Forwarded URL = null
   Redirected URL = null
          Cookies = []

MockHttpServletRequest:
      HTTP Method = POST
      Request URI = /api/auth/login
       Parameters = {}
          Headers = [Content-Type:"application/json;charset=UTF-8", Content-Length:"65"]
             Body = {
  "usernameOrEmail": "manager2",
  "password": "password123"
}

    Session Attrs = {}

Handler:
             Type = com.example.optiplant.controller.AuthController
           Method = com.example.optiplant.controller.AuthController#login(LoginRequest)

Async:
    Async started = false
     Async result = null

Resolved Exception:
             Type = null

ModelAndView:
        View name = null
             View = null
            Model = null

FlashMap:
       Attributes = null

MockHttpServletResponse:
           Status = 200
    Error message = null
          Headers = [Content-Type:"application/json", X-Content-Type-Options:"nosniff", X-XSS-Protection:"0", Cache-Control:"no-cache, no-store, max-age=0, must-revalidate", Pragma:"no-cache", Expires:"0", X-Frame-Options:"DENY"]
     Content type = application/json
             Body = {"token":"eyJhbGciOiJIUzUxMiJ9.eyJzdWIiOiJtYW5hZ2VyMiIsInVzZXJJZCI6ImU0ZjU4NmU4LTAxODItNDdlZS1hNzk1LTlmY2Y2YjM1M2NiNyIsImVtYWlsIjoibWFuYWdlcjJAZXhhbXBsZS5jb20iLCJyb2xlIjoiTUFOQUdFUiIsImlhdCI6MTc3NzkwODQzNiwiZXhwIjoxNzc3OTk0ODM2fQ.r6Pcb5isM-SqMRa2HmlS8RWM6__nAVsl6YOYOD1X6Su9cNicq7GDpatNLET7scojwoCaDBl-usFe4E2qWyRNug","tokenType":"Bearer","user":{"id":"e4f586e8-0182-47ee-a795-9fcf6b353cb7","username":"manager2","fullName":"Seed User","email":"manager2@example.com","role":"MANAGER","branchId":"5fa35278-ad90-4e14-b7cf-be83fea42a1c"}}
    Forwarded URL = null
   Redirected URL = null
          Cookies = []
]]></system-out>
    <system-err><![CDATA[Mockito is currently self-attaching to enable the inline-mock-maker. This will no longer work in future releases of the JDK. Please add Mockito as an agent to your build as described in Mockito's documentation: https://javadoc.io/doc/org.mockito/mockito-core/latest/org.mockito/org/mockito/Mockito.html#0.3
WARNING: A Java agent has been loaded dynamically (C:\Users\Luich\.m2\repository\net\bytebuddy\byte-buddy-agent\1.17.8\byte-buddy-agent-1.17.8.jar)
WARNING: If a serviceability tool is in use, please run with -XX:+EnableDynamicAgentLoading to hide this warning
WARNING: If a serviceability tool is not in use, please run with -Djdk.instrument.traceUsage for more information
WARNING: Dynamic loading of agents will be disallowed by default in a future release
]]></system-err>
  </testcase>
  <testcase name="purchaseReceiveAndSaleFlowUpdateInventory" classname="com.example.optiplant.BackendIntegrationTests" time="0.365">
    <error message="Request processing failed: org.springframework.dao.InvalidDataAccessResourceUsageException: could not execute statement [ERROR: column &quot;status&quot; is of type order_status_enum but expression is of type character varying&#10;  Hint: You will need to rewrite or cast the expression.&#10;  Position: 152] [insert into purchase_orders (branch_id,created_at,created_by_id,order_number,status,supplier_id,total,updated_at,updated_by_id,id) values (?,?,?,?,?,?,?,?,?,?)]; SQL [insert into purchase_orders (branch_id,created_at,created_by_id,order_number,status,supplier_id,total,updated_at,updated_by_id,id) values (?,?,?,?,?,?,?,?,?,?)]" type="jakarta.servlet.ServletException"><![CDATA[jakarta.servlet.ServletException: 
Request processing failed: org.springframework.dao.InvalidDataAccessResourceUsageException: could not execute statement [ERROR: column "status" is of type order_status_enum but expression is of type character varying
  Hint: You will need to rewrite or cast the expression.
  Position: 152] [insert into purchase_orders (branch_id,created_at,created_by_id,order_number,status,supplier_id,total,updated_at,updated_by_id,id) values (?,?,?,?,?,?,?,?,?,?)]; SQL [insert into purchase_orders (branch_id,created_at,created_by_id,order_number,status,supplier_id,total,updated_at,updated_by_id,id) values (?,?,?,?,?,?,?,?,?,?)]
	at org.springframework.web.servlet.FrameworkServlet.processRequest(FrameworkServlet.java:1008)
	at org.springframework.web.servlet.FrameworkServlet.doPost(FrameworkServlet.java:903)
	at jakarta.servlet.http.HttpServlet.service(HttpServlet.java:649)
	at org.springframework.web.servlet.FrameworkServlet.service(FrameworkServlet.java:874)
	at org.springframework.test.web.servlet.TestDispatcherServlet.service(TestDispatcherServlet.java:72)
	at jakarta.servlet.http.HttpServlet.service(HttpServlet.java:710)
	at org.springframework.mock.web.MockFilterChain$ServletFilterProxy.doFilter(MockFilterChain.java:160)
	at org.springframework.mock.web.MockFilterChain.doFilter(MockFilterChain.java:127)
	at org.springframework.web.filter.OncePerRequestFilter.doFilter(OncePerRequestFilter.java:110)
	at org.springframework.test.web.servlet.setup.MockMvcFilterDecorator.doFilter(MockMvcFilterDecorator.java:160)
	at org.springframework.mock.web.MockFilterChain.doFilter(MockFilterChain.java:127)
	at org.springframework.web.filter.CompositeFilter$VirtualFilterChain.doFilter(CompositeFilter.java:108)
	at org.springframework.security.web.FilterChainProxy.lambda$doFilterInternal$3(FilterChainProxy.java:235)
	at org.springframework.security.web.FilterChainProxy$VirtualFilterChain.doFilter(FilterChainProxy.java:376)
	at org.springframework.security.web.access.intercept.AuthorizationFilter.doFilter(AuthorizationFilter.java:101)
	at org.springframework.security.web.FilterChainProxy$VirtualFilterChain.doFilter(FilterChainProxy.java:385)
	at org.springframework.security.web.access.ExceptionTranslationFilter.doFilter(ExceptionTranslationFilter.java:126)
	at org.springframework.security.web.access.ExceptionTranslationFilter.doFilter(ExceptionTranslationFilter.java:120)
	at org.springframework.security.web.FilterChainProxy$VirtualFilterChain.doFilter(FilterChainProxy.java:385)
	at org.springframework.security.web.session.SessionManagementFilter.doFilter(SessionManagementFilter.java:132)
	at org.springframework.security.web.session.SessionManagementFilter.doFilter(SessionManagementFilter.java:86)
	at org.springframework.security.web.FilterChainProxy$VirtualFilterChain.doFilter(FilterChainProxy.java:385)
	at org.springframework.security.web.authentication.AnonymousAuthenticationFilter.doFilter(AnonymousAuthenticationFilter.java:100)
	at org.springframework.security.web.FilterChainProxy$VirtualFilterChain.doFilter(FilterChainProxy.java:385)
	at org.springframework.security.web.servletapi.SecurityContextHolderAwareRequestFilter.doFilter(SecurityContextHolderAwareRequestFilter.java:181)
	at org.springframework.security.web.FilterChainProxy$VirtualFilterChain.doFilter(FilterChainProxy.java:385)
	at org.springframework.security.web.savedrequest.RequestCacheAwareFilter.doFilter(RequestCacheAwareFilter.java:63)
	at org.springframework.security.web.FilterChainProxy$VirtualFilterChain.doFilter(FilterChainProxy.java:385)
	at com.example.optiplant.security.JwtAuthenticationFilter.doFilterInternal(JwtAuthenticationFilter.java:68)
	at org.springframework.web.filter.OncePerRequestFilter.doFilter(OncePerRequestFilter.java:116)
	at org.springframework.security.web.FilterChainProxy$VirtualFilterChain.doFilter(FilterChainProxy.java:385)
	at org.springframework.security.web.authentication.logout.LogoutFilter.doFilter(LogoutFilter.java:110)
	at org.springframework.security.web.authentication.logout.LogoutFilter.doFilter(LogoutFilter.java:96)
	at org.springframework.security.web.FilterChainProxy$VirtualFilterChain.doFilter(FilterChainProxy.java:385)
	at org.springframework.security.web.header.HeaderWriterFilter.doHeadersAfter(HeaderWriterFilter.java:90)
	at org.springframework.security.web.header.HeaderWriterFilter.doFilterInternal(HeaderWriterFilter.java:75)
	at org.springframework.web.filter.OncePerRequestFilter.doFilter(OncePerRequestFilter.java:116)
	at org.springframework.security.web.FilterChainProxy$VirtualFilterChain.doFilter(FilterChainProxy.java:385)
	at org.springframework.security.web.context.SecurityContextHolderFilter.doFilter(SecurityContextHolderFilter.java:82)
	at org.springframework.security.web.context.SecurityContextHolderFilter.doFilter(SecurityContextHolderFilter.java:69)
	at org.springframework.security.web.FilterChainProxy$VirtualFilterChain.doFilter(FilterChainProxy.java:385)
	at org.springframework.security.web.context.request.async.WebAsyncManagerIntegrationFilter.doFilterInternal(WebAsyncManagerIntegrationFilter.java:62)
	at org.springframework.web.filter.OncePerRequestFilter.doFilter(OncePerRequestFilter.java:116)
	at org.springframework.security.web.FilterChainProxy$VirtualFilterChain.doFilter(FilterChainProxy.java:385)
	at org.springframework.security.web.session.DisableEncodeUrlFilter.doFilterInternal(DisableEncodeUrlFilter.java:42)
	at org.springframework.web.filter.OncePerRequestFilter.doFilter(OncePerRequestFilter.java:116)
	at org.springframework.security.web.FilterChainProxy$VirtualFilterChain.doFilter(FilterChainProxy.java:385)
	at org.springframework.security.web.FilterChainProxy.doFilterInternal(FilterChainProxy.java:237)
	at org.springframework.security.web.FilterChainProxy.doFilter(FilterChainProxy.java:195)
	at org.springframework.web.filter.CompositeFilter$VirtualFilterChain.doFilter(CompositeFilter.java:113)
	at org.springframework.web.filter.ServletRequestPathFilter.doFilter(ServletRequestPathFilter.java:52)
	at org.springframework.web.filter.CompositeFilter$VirtualFilterChain.doFilter(CompositeFilter.java:113)
	at org.springframework.web.filter.CompositeFilter.doFilter(CompositeFilter.java:74)
	at org.springframework.security.config.annotation.web.configuration.WebSecurityConfiguration$CompositeFilterChainProxy.doFilter(WebSecurityConfiguration.java:317)
	at org.springframework.web.filter.DelegatingFilterProxy.invokeDelegate(DelegatingFilterProxy.java:355)
	at org.springframework.web.filter.DelegatingFilterProxy.doFilter(DelegatingFilterProxy.java:272)
	at org.springframework.test.web.servlet.setup.MockMvcFilterDecorator.doFilter(MockMvcFilterDecorator.java:160)
	at org.springframework.mock.web.MockFilterChain.doFilter(MockFilterChain.java:127)
	at org.springframework.web.filter.RequestContextFilter.doFilterInternal(RequestContextFilter.java:100)
	at org.springframework.web.filter.OncePerRequestFilter.doFilter(OncePerRequestFilter.java:116)
	at org.springframework.test.web.servlet.setup.MockMvcFilterDecorator.doFilter(MockMvcFilterDecorator.java:160)
	at org.springframework.mock.web.MockFilterChain.doFilter(MockFilterChain.java:127)
	at org.springframework.web.filter.FormContentFilter.doFilterInternal(FormContentFilter.java:93)
	at org.springframework.web.filter.OncePerRequestFilter.doFilter(OncePerRequestFilter.java:116)
	at org.springframework.test.web.servlet.setup.MockMvcFilterDecorator.doFilter(MockMvcFilterDecorator.java:160)
	at org.springframework.mock.web.MockFilterChain.doFilter(MockFilterChain.java:127)
	at org.springframework.web.filter.CharacterEncodingFilter.doFilterInternal(CharacterEncodingFilter.java:199)
	at org.springframework.web.filter.OncePerRequestFilter.doFilter(OncePerRequestFilter.java:116)
	at org.springframework.test.web.servlet.setup.MockMvcFilterDecorator.doFilter(MockMvcFilterDecorator.java:160)
	at org.springframework.mock.web.MockFilterChain.doFilter(MockFilterChain.java:127)
	at org.springframework.test.web.servlet.MockMvc.perform(MockMvc.java:199)
	at com.example.optiplant.BackendIntegrationTests.purchaseReceiveAndSaleFlowUpdateInventory(BackendIntegrationTests.java:122)
Caused by: org.springframework.dao.InvalidDataAccessResourceUsageException: could not execute statement [ERROR: column "status" is of type order_status_enum but expression is of type character varying
  Hint: You will need to rewrite or cast the expression.
  Position: 152] [insert into purchase_orders (branch_id,created_at,created_by_id,order_number,status,supplier_id,total,updated_at,updated_by_id,id) values (?,?,?,?,?,?,?,?,?,?)]; SQL [insert into purchase_orders (branch_id,created_at,created_by_id,order_number,status,supplier_id,total,updated_at,updated_by_id,id) values (?,?,?,?,?,?,?,?,?,?)]
	at org.springframework.orm.jpa.hibernate.HibernateExceptionTranslator.convertHibernateAccessException(HibernateExceptionTranslator.java:156)
	at org.springframework.orm.jpa.hibernate.HibernateExceptionTranslator.convertHibernateAccessException(HibernateExceptionTranslator.java:131)
	at org.springframework.orm.jpa.hibernate.HibernateExceptionTranslator.translateExceptionIfPossible(HibernateExceptionTranslator.java:105)
	at org.springframework.orm.jpa.vendor.HibernateJpaDialect.translateExceptionIfPossible(HibernateJpaDialect.java:223)
	at org.springframework.orm.jpa.JpaTransactionManager.doCommit(JpaTransactionManager.java:557)
	at org.springframework.transaction.support.AbstractPlatformTransactionManager.processCommit(AbstractPlatformTransactionManager.java:794)
	at org.springframework.transaction.support.AbstractPlatformTransactionManager.commit(AbstractPlatformTransactionManager.java:757)
	at org.springframework.transaction.interceptor.TransactionAspectSupport.commitTransactionAfterReturning(TransactionAspectSupport.java:687)
	at org.springframework.transaction.interceptor.TransactionAspectSupport.invokeWithinTransaction(TransactionAspectSupport.java:408)
	at org.springframework.transaction.interceptor.TransactionInterceptor.invoke(TransactionInterceptor.java:130)
	at org.springframework.aop.framework.ReflectiveMethodInvocation.proceed(ReflectiveMethodInvocation.java:179)
	at org.springframework.aop.framework.CglibAopProxy$DynamicAdvisedInterceptor.intercept(CglibAopProxy.java:719)
	at com.example.optiplant.services.PurchaseOrderService$$SpringCGLIB$$0.create(<generated>)
	at com.example.optiplant.controller.PurchaseOrderController.create(PurchaseOrderController.java:43)
	at java.base/jdk.internal.reflect.DirectMethodHandleAccessor.invoke(DirectMethodHandleAccessor.java:104)
	at java.base/java.lang.reflect.Method.invoke(Method.java:565)
	at org.springframework.aop.support.AopUtils.invokeJoinpointUsingReflection(AopUtils.java:359)
	at org.springframework.aop.framework.ReflectiveMethodInvocation.invokeJoinpoint(ReflectiveMethodInvocation.java:190)
	at org.springframework.aop.framework.ReflectiveMethodInvocation.proceed(ReflectiveMethodInvocation.java:158)
	at org.springframework.security.authorization.method.AuthorizationManagerBeforeMethodInterceptor.proceed(AuthorizationManagerBeforeMethodInterceptor.java:271)
	at org.springframework.security.authorization.method.AuthorizationManagerBeforeMethodInterceptor.attemptAuthorization(AuthorizationManagerBeforeMethodInterceptor.java:266)
	at org.springframework.security.authorization.method.AuthorizationManagerBeforeMethodInterceptor.invoke(AuthorizationManagerBeforeMethodInterceptor.java:197)
	at org.springframework.security.config.annotation.method.configuration.DeferringMethodInterceptor.invoke(DeferringMethodInterceptor.java:44)
	at org.springframework.aop.framework.ReflectiveMethodInvocation.proceed(ReflectiveMethodInvocation.java:179)
	at org.springframework.aop.framework.CglibAopProxy$DynamicAdvisedInterceptor.intercept(CglibAopProxy.java:719)
	at com.example.optiplant.controller.PurchaseOrderController$$SpringCGLIB$$0.create(<generated>)
	at java.base/jdk.internal.reflect.DirectMethodHandleAccessor.invoke(DirectMethodHandleAccessor.java:104)
	at java.base/java.lang.reflect.Method.invoke(Method.java:565)
	at org.springframework.web.method.support.InvocableHandlerMethod.doInvoke(InvocableHandlerMethod.java:252)
	at org.springframework.web.method.support.InvocableHandlerMethod.invokeForRequest(InvocableHandlerMethod.java:184)
	at org.springframework.web.servlet.mvc.method.annotation.ServletInvocableHandlerMethod.invokeAndHandle(ServletInvocableHandlerMethod.java:117)
	at org.springframework.web.servlet.mvc.method.annotation.RequestMappingHandlerAdapter.invokeHandlerMethod(RequestMappingHandlerAdapter.java:934)
	at org.springframework.web.servlet.mvc.method.annotation.RequestMappingHandlerAdapter.handleInternal(RequestMappingHandlerAdapter.java:853)
	at org.springframework.web.servlet.mvc.method.AbstractHandlerMethodAdapter.handle(AbstractHandlerMethodAdapter.java:86)
	at org.springframework.web.servlet.DispatcherServlet.doDispatch(DispatcherServlet.java:963)
	at org.springframework.web.servlet.DispatcherServlet.doService(DispatcherServlet.java:866)
	at org.springframework.web.servlet.FrameworkServlet.processRequest(FrameworkServlet.java:1000)
	... 71 more
Caused by: org.hibernate.exception.SQLGrammarException: could not execute statement [ERROR: column "status" is of type order_status_enum but expression is of type character varying
  Hint: You will need to rewrite or cast the expression.
  Position: 152] [insert into purchase_orders (branch_id,created_at,created_by_id,order_number,status,supplier_id,total,updated_at,updated_by_id,id) values (?,?,?,?,?,?,?,?,?,?)]
	at org.hibernate.exception.internal.SQLStateConversionDelegate.convert(SQLStateConversionDelegate.java:63)
	at org.hibernate.exception.internal.StandardSQLExceptionConverter.convert(StandardSQLExceptionConverter.java:34)
	at org.hibernate.engine.jdbc.spi.SqlExceptionHelper.convert(SqlExceptionHelper.java:115)
	at org.hibernate.engine.jdbc.internal.ResultSetReturnImpl.executeUpdate(ResultSetReturnImpl.java:184)
	at org.hibernate.engine.jdbc.mutation.internal.AbstractMutationExecutor.performNonBatchedMutation(AbstractMutationExecutor.java:145)
	at org.hibernate.engine.jdbc.mutation.internal.MutationExecutorSingleNonBatched.performNonBatchedOperations(MutationExecutorSingleNonBatched.java:53)
	at org.hibernate.engine.jdbc.mutation.internal.AbstractMutationExecutor.execute(AbstractMutationExecutor.java:66)
	at org.hibernate.engine.jdbc.mutation.internal.AbstractMutationExecutor.execute(AbstractMutationExecutor.java:55)
	at org.hibernate.persister.entity.mutation.InsertCoordinatorStandard.doStaticInserts(InsertCoordinatorStandard.java:180)
	at org.hibernate.persister.entity.mutation.InsertCoordinatorStandard.coordinateInsert(InsertCoordinatorStandard.java:120)
	at org.hibernate.persister.entity.mutation.InsertCoordinatorStandard.insert(InsertCoordinatorStandard.java:93)
	at org.hibernate.action.internal.EntityInsertAction.execute(EntityInsertAction.java:108)
	at org.hibernate.engine.spi.ActionQueue.executeActions(ActionQueue.java:634)
	at org.hibernate.engine.spi.ActionQueue.executeActions(ActionQueue.java:505)
	at org.hibernate.event.internal.AbstractFlushingEventListener.performExecutions(AbstractFlushingEventListener.java:381)
	at org.hibernate.event.internal.DefaultFlushEventListener.onFlush(DefaultFlushEventListener.java:40)
	at org.hibernate.event.service.internal.EventListenerGroupImpl.fireEventOnEachListener(EventListenerGroupImpl.java:138)
	at org.hibernate.internal.SessionImpl.fireFlush(SessionImpl.java:1484)
	at org.hibernate.internal.SessionImpl.managedFlush(SessionImpl.java:481)
	at org.hibernate.internal.SessionImpl.flushBeforeTransactionCompletion(SessionImpl.java:2111)
	at org.hibernate.internal.SessionImpl.beforeTransactionCompletion(SessionImpl.java:2033)
	at org.hibernate.engine.jdbc.internal.JdbcCoordinatorImpl.beforeTransactionCompletion(JdbcCoordinatorImpl.java:410)
	at org.hibernate.resource.transaction.backend.jdbc.internal.JdbcResourceLocalTransactionCoordinatorImpl.beforeCompletionCallback(JdbcResourceLocalTransactionCoordinatorImpl.java:166)
	at org.hibernate.resource.transaction.backend.jdbc.internal.JdbcResourceLocalTransactionCoordinatorImpl$TransactionDriverControlImpl.commitNoRollbackOnly(JdbcResourceLocalTransactionCoordinatorImpl.java:248)
	at org.hibernate.resource.transaction.backend.jdbc.internal.JdbcResourceLocalTransactionCoordinatorImpl$TransactionDriverControlImpl.commit(JdbcResourceLocalTransactionCoordinatorImpl.java:242)
	at org.hibernate.engine.transaction.internal.TransactionImpl.commit(TransactionImpl.java:89)
	at org.springframework.orm.jpa.JpaTransactionManager.doCommit(JpaTransactionManager.java:553)
	... 103 more
Caused by: org.postgresql.util.PSQLException: ERROR: column "status" is of type order_status_enum but expression is of type character varying
  Hint: You will need to rewrite or cast the expression.
  Position: 152
	at org.postgresql.core.v3.QueryExecutorImpl.receiveErrorResponse(QueryExecutorImpl.java:2875)
	at org.postgresql.core.v3.QueryExecutorImpl.processResults(QueryExecutorImpl.java:2560)
	at org.postgresql.core.v3.QueryExecutorImpl.execute(QueryExecutorImpl.java:429)
	at org.postgresql.jdbc.PgStatement.executeInternal(PgStatement.java:526)
	at org.postgresql.jdbc.PgStatement.execute(PgStatement.java:436)
	at org.postgresql.jdbc.PgPreparedStatement.executeWithFlags(PgPreparedStatement.java:196)
	at org.postgresql.jdbc.PgPreparedStatement.executeUpdate(PgPreparedStatement.java:157)
	at com.zaxxer.hikari.pool.ProxyPreparedStatement.executeUpdate(ProxyPreparedStatement.java:61)
	at com.zaxxer.hikari.pool.HikariProxyPreparedStatement.executeUpdate(HikariProxyPreparedStatement.java)
	at org.hibernate.engine.jdbc.internal.ResultSetReturnImpl.executeUpdate(ResultSetReturnImpl.java:181)
	... 126 more
]]></error>
    <system-out><![CDATA[Hibernate: insert into branches (address,code,created_at,created_by_id,name,updated_at,updated_by_id,id) values (?,?,?,?,?,?,?,?)
Hibernate: insert into branches (address,code,created_at,created_by_id,name,updated_at,updated_by_id,id) values (?,?,?,?,?,?,?,?)
Hibernate: insert into suppliers (contact_email,contact_name,created_at,created_by_id,name,phone,updated_at,updated_by_id,id) values (?,?,?,?,?,?,?,?,?)
Hibernate: insert into unit_of_measure (code,created_at,created_by_id,description,name,updated_at,updated_by_id,id) values (?,?,?,?,?,?,?,?)
Hibernate: insert into products (created_at,created_by_id,default_cost,description,name,sku,supplier_id,unit_of_measure_id,updated_at,updated_by_id,id) values (?,?,?,?,?,?,?,?,?,?,?)
Hibernate: select u1_0.id from users u1_0 where u1_0.username=? fetch first ? rows only
Hibernate: select u1_0.id from users u1_0 where upper(u1_0.email)=upper(?) fetch first ? rows only
Hibernate: select b1_0.id,b1_0.address,b1_0.code,b1_0.created_at,b1_0.created_by_id,b1_0.name,b1_0.updated_at,b1_0.updated_by_id from branches b1_0 where b1_0.id=?
Hibernate: insert into users (branch_id,created_at,created_by_id,email,full_name,password_hash,role,updated_at,updated_by_id,username,id) values (?,?,?,?,?,?,?,?,?,?,?)
Hibernate: select u1_0.id,u1_0.branch_id,u1_0.created_at,u1_0.created_by_id,u1_0.email,u1_0.full_name,u1_0.password_hash,u1_0.role,u1_0.updated_at,u1_0.updated_by_id,u1_0.username from users u1_0 where u1_0.username=?
Hibernate: select u1_0.id,u1_0.branch_id,u1_0.created_at,u1_0.created_by_id,u1_0.email,u1_0.full_name,u1_0.password_hash,u1_0.role,u1_0.updated_at,u1_0.updated_by_id,u1_0.username from users u1_0 where u1_0.id=?
Hibernate: update users set branch_id=?,email=?,full_name=?,password_hash=?,role=?,updated_at=?,updated_by_id=?,username=? where id=?
Hibernate: select u1_0.id,u1_0.branch_id,u1_0.created_at,u1_0.created_by_id,u1_0.email,u1_0.full_name,u1_0.password_hash,u1_0.role,u1_0.updated_at,u1_0.updated_by_id,u1_0.username from users u1_0 where u1_0.username=?
Hibernate: select u1_0.id,u1_0.branch_id,u1_0.created_at,u1_0.created_by_id,u1_0.email,u1_0.full_name,u1_0.password_hash,u1_0.role,u1_0.updated_at,u1_0.updated_by_id,u1_0.username from users u1_0 where u1_0.username=?
Hibernate: select u1_0.id,u1_0.branch_id,u1_0.created_at,u1_0.created_by_id,u1_0.email,u1_0.full_name,u1_0.password_hash,u1_0.role,u1_0.updated_at,u1_0.updated_by_id,u1_0.username from users u1_0 where u1_0.username=?
Hibernate: select s1_0.id,s1_0.contact_email,s1_0.contact_name,s1_0.created_at,s1_0.created_by_id,s1_0.name,s1_0.phone,s1_0.updated_at,s1_0.updated_by_id from suppliers s1_0 where s1_0.id=?
Hibernate: select b1_0.id,b1_0.address,b1_0.code,b1_0.created_at,b1_0.created_by_id,b1_0.name,b1_0.updated_at,b1_0.updated_by_id from branches b1_0 where b1_0.id=?
Hibernate: select po1_0.id from purchase_orders po1_0 where po1_0.order_number=? fetch first ? rows only
Hibernate: select p1_0.id,p1_0.created_at,p1_0.created_by_id,p1_0.default_cost,p1_0.description,p1_0.name,p1_0.sku,p1_0.supplier_id,p1_0.unit_of_measure_id,p1_0.updated_at,p1_0.updated_by_id from products p1_0 where p1_0.id=?
Hibernate: insert into purchase_orders (branch_id,created_at,created_by_id,order_number,status,supplier_id,total,updated_at,updated_by_id,id) values (?,?,?,?,?,?,?,?,?,?)
2026-05-04T10:27:17.094-05:00  WARN 7560 --- [Optiplant] [           main] org.hibernate.orm.jdbc.error             : HHH000247: ErrorCode: 0, SQLState: 42804
2026-05-04T10:27:17.094-05:00  WARN 7560 --- [Optiplant] [           main] org.hibernate.orm.jdbc.error             : ERROR: column "status" is of type order_status_enum but expression is of type character varying
  Hint: You will need to rewrite or cast the expression.
  Position: 152

MockHttpServletRequest:
      HTTP Method = POST
      Request URI = /api/auth/register
       Parameters = {}
          Headers = [Content-Type:"application/json;charset=UTF-8", Content-Length:"174"]
             Body = {
  "username": "manager1",
  "fullName": "Seed User",
  "email": "manager1@example.com",
  "password": "password123",
  "branchId": "756a850f-3838-4985-a9e5-6c8fab6b5333"
}

    Session Attrs = {}

Handler:
             Type = com.example.optiplant.controller.AuthController
           Method = com.example.optiplant.controller.AuthController#register(RegisterRequest)

Async:
    Async started = false
     Async result = null

Resolved Exception:
             Type = null

ModelAndView:
        View name = null
             View = null
            Model = null

FlashMap:
       Attributes = null

MockHttpServletResponse:
           Status = 201
    Error message = null
          Headers = [Content-Type:"application/json", X-Content-Type-Options:"nosniff", X-XSS-Protection:"0", Cache-Control:"no-cache, no-store, max-age=0, must-revalidate", Pragma:"no-cache", Expires:"0", X-Frame-Options:"DENY"]
     Content type = application/json
             Body = {"token":"eyJhbGciOiJIUzUxMiJ9.eyJzdWIiOiJtYW5hZ2VyMSIsInVzZXJJZCI6IjkxMjUwZjY2LTAxYjMtNDA5MS1hMGYxLWRlZTE4NjNkNmE0MCIsImVtYWlsIjoibWFuYWdlcjFAZXhhbXBsZS5jb20iLCJyb2xlIjoiT1BFUkFUT1IiLCJpYXQiOjE3Nzc5MDg0MzYsImV4cCI6MTc3Nzk5NDgzNn0.zCpXit13o1YskfjZZp3psy8vN2K-eEqwRmWh5nk3Kz9Hyw2_QJZ6S0IIRnEfskAGMMaiyx8Qdt6Lm-BeYJKVGQ","tokenType":"Bearer","user":{"id":"91250f66-01b3-4091-a0f1-dee1863d6a40","username":"manager1","fullName":"Seed User","email":"manager1@example.com","role":"OPERATOR","branchId":"756a850f-3838-4985-a9e5-6c8fab6b5333"}}
    Forwarded URL = null
   Redirected URL = null
          Cookies = []

MockHttpServletRequest:
      HTTP Method = POST
      Request URI = /api/auth/login
       Parameters = {}
          Headers = [Content-Type:"application/json;charset=UTF-8", Content-Length:"65"]
             Body = {
  "usernameOrEmail": "manager1",
  "password": "password123"
}

    Session Attrs = {}

Handler:
             Type = com.example.optiplant.controller.AuthController
           Method = com.example.optiplant.controller.AuthController#login(LoginRequest)

Async:
    Async started = false
     Async result = null

Resolved Exception:
             Type = null

ModelAndView:
        View name = null
             View = null
            Model = null

FlashMap:
       Attributes = null

MockHttpServletResponse:
           Status = 200
    Error message = null
          Headers = [Content-Type:"application/json", X-Content-Type-Options:"nosniff", X-XSS-Protection:"0", Cache-Control:"no-cache, no-store, max-age=0, must-revalidate", Pragma:"no-cache", Expires:"0", X-Frame-Options:"DENY"]
     Content type = application/json
             Body = {"token":"eyJhbGciOiJIUzUxMiJ9.eyJzdWIiOiJtYW5hZ2VyMSIsInVzZXJJZCI6IjkxMjUwZjY2LTAxYjMtNDA5MS1hMGYxLWRlZTE4NjNkNmE0MCIsImVtYWlsIjoibWFuYWdlcjFAZXhhbXBsZS5jb20iLCJyb2xlIjoiTUFOQUdFUiIsImlhdCI6MTc3NzkwODQzNywiZXhwIjoxNzc3OTk0ODM3fQ.GvO9D3MPkauS1zk838nBbST_iP1ymI9sH8YYo6qjCXXVBwOT23C9n02aTwJxEFn4G80r9KcFJCnHpFFY9elsTg","tokenType":"Bearer","user":{"id":"91250f66-01b3-4091-a0f1-dee1863d6a40","username":"manager1","fullName":"Seed User","email":"manager1@example.com","role":"MANAGER","branchId":"756a850f-3838-4985-a9e5-6c8fab6b5333"}}
    Forwarded URL = null
   Redirected URL = null
          Cookies = []
]]></system-out>
  </testcase>
  <testcase name="registerAndLoginFlowWorks" classname="com.example.optiplant.BackendIntegrationTests" time="0.382">
    <system-out><![CDATA[Hibernate: insert into branches (address,code,created_at,created_by_id,name,updated_at,updated_by_id,id) values (?,?,?,?,?,?,?,?)
Hibernate: insert into branches (address,code,created_at,created_by_id,name,updated_at,updated_by_id,id) values (?,?,?,?,?,?,?,?)
Hibernate: insert into suppliers (contact_email,contact_name,created_at,created_by_id,name,phone,updated_at,updated_by_id,id) values (?,?,?,?,?,?,?,?,?)
Hibernate: insert into unit_of_measure (code,created_at,created_by_id,description,name,updated_at,updated_by_id,id) values (?,?,?,?,?,?,?,?)
Hibernate: insert into products (created_at,created_by_id,default_cost,description,name,sku,supplier_id,unit_of_measure_id,updated_at,updated_by_id,id) values (?,?,?,?,?,?,?,?,?,?,?)
Hibernate: select u1_0.id from users u1_0 where u1_0.username=? fetch first ? rows only
Hibernate: select u1_0.id from users u1_0 where upper(u1_0.email)=upper(?) fetch first ? rows only
Hibernate: select b1_0.id,b1_0.address,b1_0.code,b1_0.created_at,b1_0.created_by_id,b1_0.name,b1_0.updated_at,b1_0.updated_by_id from branches b1_0 where b1_0.id=?
Hibernate: insert into users (branch_id,created_at,created_by_id,email,full_name,password_hash,role,updated_at,updated_by_id,username,id) values (?,?,?,?,?,?,?,?,?,?,?)
Hibernate: select u1_0.id,u1_0.branch_id,u1_0.created_at,u1_0.created_by_id,u1_0.email,u1_0.full_name,u1_0.password_hash,u1_0.role,u1_0.updated_at,u1_0.updated_by_id,u1_0.username from users u1_0 where u1_0.username=?
Hibernate: select u1_0.id,u1_0.branch_id,u1_0.created_at,u1_0.created_by_id,u1_0.email,u1_0.full_name,u1_0.password_hash,u1_0.role,u1_0.updated_at,u1_0.updated_by_id,u1_0.username from users u1_0 where u1_0.username=?
Hibernate: select u1_0.id,u1_0.branch_id,u1_0.created_at,u1_0.created_by_id,u1_0.email,u1_0.full_name,u1_0.password_hash,u1_0.role,u1_0.updated_at,u1_0.updated_by_id,u1_0.username from users u1_0 where u1_0.username=?
Hibernate: select u1_0.id,u1_0.branch_id,u1_0.created_at,u1_0.created_by_id,u1_0.email,u1_0.full_name,u1_0.password_hash,u1_0.role,u1_0.updated_at,u1_0.updated_by_id,u1_0.username from users u1_0 where u1_0.username=?
]]></system-out>
  </testcase>
</testsuite>