<?xml version="1.0" encoding="UTF-8"?>
<testsuite xmlns:xsi="http://www.w3.org/2001/XMLSchema-instance" xsi:noNamespaceSchemaLocation="https://maven.apache.org/surefire/maven-surefire-plugin/xsd/surefire-test-report.xsd" version="3.0.2" name="com.example.optiplant.OptiplantApplicationTests" time="1.428" tests="1" errors="0" skipped="0" failures="0" flakes="0">
  <properties>
[...]
</properties>
  <testcase name="contextLoads" classname="com.example.optiplant.OptiplantApplicationTests" time="0.006">
    <system-out><![CDATA[2026-05-04T10:27:17.497-05:00  INFO 7560 --- [Optiplant] [           main] t.c.s.AnnotationConfigContextLoaderUtils : Could not detect default configuration classes for test class [com.example.optiplant.OptiplantApplicationTests]: OptiplantApplicationTests does not declare any static, non-private, non-final, nested classes annotated with @Configuration.
2026-05-04T10:27:17.499-05:00  INFO 7560 --- [Optiplant] [           main] .b.t.c.SpringBootTestContextBootstrapper : Found @SpringBootConfiguration com.example.optiplant.OptiplantApplication for test class com.example.optiplant.OptiplantApplicationTests
2026-05-04T10:27:17.501-05:00  INFO 7560 --- [Optiplant] [           main] t.c.s.AnnotationConfigContextLoaderUtils : Could not detect default configuration classes for test class [com.example.optiplant.OptiplantApplicationTests]: OptiplantApplicationTests does not declare any static, non-private, non-final, nested classes annotated with @Configuration.
2026-05-04T10:27:17.503-05:00  INFO 7560 --- [Optiplant] [           main] .b.t.c.SpringBootTestContextBootstrapper : Found @SpringBootConfiguration com.example.optiplant.OptiplantApplication for test class com.example.optiplant.OptiplantApplicationTests
2026-05-04T10:27:17.514-05:00  INFO 7560 --- [Optiplant] [           main] o.s.b.d.r.RestartApplicationListener     : Restart disabled due to context in which it is running

  .   ____          _            __ _ _
 /\\ / ___'_ __ _ _(_)_ __  __ _ \ \ \ \
( ( )\___ | '_ | '_| | '_ \/ _` | \ \ \ \
 \\/  ___)| |_)| | | | | || (_| |  ) ) ) )
  '  |____| .__|_| |_|_| |_\__, | / / / /
 =========|_|==============|___/=/_/_/_/

 :: Spring Boot ::                (v4.0.6)

2026-05-04T10:27:17.569-05:00  INFO 7560 --- [Optiplant] [           main] c.e.optiplant.OptiplantApplicationTests  : Starting OptiplantApplicationTests using Java 26.0.1 with PID 7560 (started by Luich in C:\Users\Luich\Desktop\Optiplant\Back\Optiplant\PruebaTecnicaBackend)
2026-05-04T10:27:17.570-05:00  INFO 7560 --- [Optiplant] [           main] c.e.optiplant.OptiplantApplicationTests  : No active profile set, falling back to 1 default profile: "default"
2026-05-04T10:27:17.881-05:00  INFO 7560 --- [Optiplant] [           main] .s.d.r.c.RepositoryConfigurationDelegate : Bootstrapping Spring Data JPA repositories in DEFAULT mode.
2026-05-04T10:27:17.905-05:00  INFO 7560 --- [Optiplant] [           main] .s.d.r.c.RepositoryConfigurationDelegate : Finished Spring Data repository scanning in 22 ms. Found 10 JPA repository interfaces.
2026-05-04T10:27:18.053-05:00  INFO 7560 --- [Optiplant] [           main] org.hibernate.orm.jpa                    : HHH008540: Processing PersistenceUnitInfo [name: default]
2026-05-04T10:27:18.086-05:00  INFO 7560 --- [Optiplant] [           main] o.s.o.j.p.SpringPersistenceUnitInfo      : No LoadTimeWeaver setup: ignoring JPA class transformer
2026-05-04T10:27:18.088-05:00  INFO 7560 --- [Optiplant] [           main] com.zaxxer.hikari.HikariDataSource       : HikariPool-2 - Starting...
2026-05-04T10:27:18.154-05:00  INFO 7560 --- [Optiplant] [           main] com.zaxxer.hikari.pool.HikariPool        : HikariPool-2 - Added connection org.postgresql.jdbc.PgConnection@6fab6ea2
2026-05-04T10:27:18.155-05:00  INFO 7560 --- [Optiplant] [           main] com.zaxxer.hikari.HikariDataSource       : HikariPool-2 - Start completed.
2026-05-04T10:27:18.162-05:00  WARN 7560 --- [Optiplant] [           main] org.hibernate.orm.deprecation            : HHH90000025: PostgreSQLDialect does not need to be specified explicitly using 'hibernate.dialect' (remove the property setting and it will be selected by default)
2026-05-04T10:27:18.171-05:00  INFO 7560 --- [Optiplant] [           main] org.hibernate.orm.connections.pooling    : HHH10001005: Database info:
	Database JDBC URL [jdbc:postgresql://localhost:5432/optiplant]
	Database driver: PostgreSQL JDBC Driver
	Database dialect: PostgreSQLDialect
	Database version: 18.3
	Default catalog/schema: optiplant/public
	Autocommit mode: undefined/unknown
	Isolation level: READ_COMMITTED [default READ_COMMITTED]
	JDBC fetch size: none
	Pool: DataSourceConnectionProvider
	Minimum pool size: undefined/unknown
	Maximum pool size: undefined/unknown
2026-05-04T10:27:18.393-05:00  INFO 7560 --- [Optiplant] [           main] org.hibernate.orm.core                   : HHH000489: No JTA platform available (set 'hibernate.transaction.jta.platform' to enable JTA platform integration)
2026-05-04T10:27:18.394-05:00  INFO 7560 --- [Optiplant] [           main] j.LocalContainerEntityManagerFactoryBean : Initialized JPA EntityManagerFactory for persistence unit 'default'
2026-05-04T10:27:18.483-05:00  INFO 7560 --- [Optiplant] [           main] eAuthenticationProviderManagerConfigurer : Global AuthenticationManager configured with AuthenticationProvider bean with name authenticationProvider
2026-05-04T10:27:18.484-05:00  WARN 7560 --- [Optiplant] [           main] r$InitializeUserDetailsManagerConfigurer : Global AuthenticationManager configured with an AuthenticationProvider bean. UserDetailsService beans will not be used by Spring Security for automatically configuring username/password login. Consider removing the AuthenticationProvider bean. Alternatively, consider using the UserDetailsService in a manually instantiated DaoAuthenticationProvider. If the current configuration is intentional, to turn off this warning, increase the logging level of 'org.springframework.security.config.annotation.authentication.configuration.InitializeUserDetailsBeanManagerConfigurer' to ERROR
2026-05-04T10:27:18.684-05:00  WARN 7560 --- [Optiplant] [           main] JpaBaseConfiguration$JpaWebConfiguration : spring.jpa.open-in-view is enabled by default. Therefore, database queries may be performed during view rendering. Explicitly configure spring.jpa.open-in-view to disable this warning
2026-05-04T10:27:18.913-05:00  INFO 7560 --- [Optiplant] [           main] c.e.optiplant.OptiplantApplicationTests  : Started OptiplantApplicationTests in 1.4 seconds (process running for 16.002)
]]></system-out>
  </testcase>
</testsuite>