<?xml version="1.0" encoding="UTF-8"?>
<testsuite xmlns:xsi="http://www.w3.org/2001/XMLSchema-instance" xsi:noNamespaceSchemaLocation="https://maven.apache.org/surefire/maven-surefire-plugin/xsd/surefire-test-report.xsd" version="3.0.2" name="com.example.optiplant.services.RealtimeNotificationServiceTest" time="0.702" tests="26" errors="0" skipped="0" failures="0" flakes="0">
  <properties>
[...]
</properties>
  <testcase name="branchCreatedPublishesCreatedEventOnBranchesTopic" classname="com.example.optiplant.services.RealtimeNotificationServiceTest" time="0.49"/>
  <testcase name="branchUpdatedPublishesUpdatedEventOnBranchesTopic" classname="com.example.optiplant.services.RealtimeNotificationServiceTest" time="0.005"/>
  <testcase name="exposesExactlyTheFrontendRealtimeTopicContract" classname="com.example.optiplant.services.RealtimeNotificationServiceTest" time="0.028"/>
  <testcase name="purchaseOrderEventPreservesStatusForFrontendUpsert" classname="com.example.optiplant.services.RealtimeNotificationServiceTest" time="0.005"/>
  <testcase name="productDeletedPublishesDeletedEventOnProductsTopic" classname="com.example.optiplant.services.RealtimeNotificationServiceTest" time="0.007"/>
  <testcase name="deletedProductEventDoesNotLeakStaleEntityData" classname="com.example.optiplant.services.RealtimeNotificationServiceTest" time="0.005"/>
  <testcase name="inventorySendFailureIsSwallowedSoBusinessTransactionCanContinue" classname="com.example.optiplant.services.RealtimeNotificationServiceTest" time="0.037"/>
  <testcase name="inventoryUpdatesKeepRawDtoPayloadForBackwardCompatibility" classname="com.example.optiplant.services.RealtimeNotificationServiceTest" time="0.004"/>
  <testcase name="saleUpdatedPublishesUpdatedEventOnSalesTopic" classname="com.example.optiplant.services.RealtimeNotificationServiceTest" time="0.004"/>
  <testcase name="updatedEventsNeverUseCreateSemantics" classname="com.example.optiplant.services.RealtimeNotificationServiceTest" time="0.012"/>
  <testcase name="purchaseOrderUpdatedPublishesUpdatedEventOnPurchaseOrdersTopic" classname="com.example.optiplant.services.RealtimeNotificationServiceTest" time="0.003"/>
  <testcase name="saleEventPreservesStatusForFrontendUpsert" classname="com.example.optiplant.services.RealtimeNotificationServiceTest" time="0.008"/>
  <testcase name="realtimeEventUpdatedFactoryUsesUpdatedActionAndKeepsPayloadInstance" classname="com.example.optiplant.services.RealtimeNotificationServiceTest" time="0.003"/>
  <testcase name="inventoryMovementEventPreservesMovementMetadataForFrontendFiltering" classname="com.example.optiplant.services.RealtimeNotificationServiceTest" time="0.004"/>
  <testcase name="saleCreatedPublishesCreatedEventOnSalesTopic" classname="com.example.optiplant.services.RealtimeNotificationServiceTest" time="0.005"/>
  <testcase name="branchDeletedPublishesDeletedEventOnBranchesTopic" classname="com.example.optiplant.services.RealtimeNotificationServiceTest" time="0.003"/>
  <testcase name="purchaseOrderCreatedPublishesCreatedEventOnPurchaseOrdersTopic" classname="com.example.optiplant.services.RealtimeNotificationServiceTest" time="0.003"/>
  <testcase name="inventoryMovementCreatedPublishesCreatedEventOnInventoryMovementsTopic" classname="com.example.optiplant.services.RealtimeNotificationServiceTest" time="0.007"/>
  <testcase name="createdEventsNeverUseDeleteSemantics" classname="com.example.optiplant.services.RealtimeNotificationServiceTest" time="0.003"/>
  <testcase name="deletedBranchEventDoesNotLeakStaleEntityData" classname="com.example.optiplant.services.RealtimeNotificationServiceTest" time="0.004"/>
  <testcase name="realtimeEventCreatedFactoryUsesCreatedActionAndKeepsPayloadInstance" classname="com.example.optiplant.services.RealtimeNotificationServiceTest" time="0.001"/>
  <testcase name="realtimeEventDeletedFactoryUsesDeletedActionAndNullPayload" classname="com.example.optiplant.services.RealtimeNotificationServiceTest" time="0.007"/>
  <testcase name="productCreatedPublishesCreatedEventOnProductsTopic" classname="com.example.optiplant.services.RealtimeNotificationServiceTest" time="0.003"/>
  <testcase name="productUpdatedPublishesUpdatedEventOnProductsTopic" classname="com.example.optiplant.services.RealtimeNotificationServiceTest" time="0.003"/>
  <testcase name="eventEnvelopeSendFailureIsSwallowedSoBusinessTransactionCanContinue" classname="com.example.optiplant.services.RealtimeNotificationServiceTest" time="0.01"/>
  <testcase name="transferUpdatesKeepRawDtoPayloadForBackwardCompatibility" classname="com.example.optiplant.services.RealtimeNotificationServiceTest" time="0.003"/>
</testsuite>